[2026-03-05T06:38:14.888Z] REQ: 69a02d49eac765e563461d7c -> Cancelled
[2026-03-05T06:38:14.997Z] SAVED: Cancelled
[2026-03-06T04:48:06.430Z] REQ: 69aa5b87bca0f2c98c5dbd0c -> Confirmed
[2026-03-06T04:48:06.523Z] SAVED: Confirmed
[2026-03-06T04:48:13.263Z] REQ: 69aa5b87bca0f2c98c5dbd0c -> Preparing
[2026-03-06T04:48:13.318Z] SAVED: Preparing
[2026-03-06T04:48:23.709Z] REQ: 69aa5b87bca0f2c98c5dbd0c -> Ready
[2026-03-06T04:48:23.864Z] SAVED: Ready
[2026-03-06T04:48:24.365Z] STATUS READY: Notifying Drivers...
[2026-03-06T04:48:24.536Z] Found 2 drivers to notify.
[2026-03-06T04:48:24.539Z] Sending Push to 1 drivers
[2026-03-06T04:48:24.542Z] Targeting Driver: 6992b53a4b627a8cd36d74e3 (Darji Shyam)
[2026-03-06T04:48:24.545Z] Notified: 6992b53a4b627a8cd36d74e3
[2026-03-06T04:48:24.565Z] Targeting Driver: 6978ae557a30eb956d638e5a (Hemit)
[2026-03-06T04:48:24.568Z] Notified: 6978ae557a30eb956d638e5a
[2026-03-06T06:06:25.425Z] REQ: 69aa6ec23b5918eeac80e31b -> Confirmed
[2026-03-06T06:06:25.499Z] SAVED: Confirmed
[2026-03-06T06:06:33.698Z] REQ: 69aa6ec23b5918eeac80e31b -> Preparing
[2026-03-06T06:06:33.773Z] SAVED: Preparing
[2026-03-06T06:06:38.782Z] REQ: 69aa6ec23b5918eeac80e31b -> Ready
[2026-03-06T06:06:38.843Z] SAVED: Ready
[2026-03-06T06:06:39.342Z] STATUS READY: Notifying Drivers...
[2026-03-06T06:06:39.561Z] Found 3 drivers to notify.
[2026-03-06T06:06:39.563Z] Sending Push to 1 drivers
[2026-03-06T06:06:39.565Z] Targeting Driver: 6992b53a4b627a8cd36d74e3 (Darji Shyam)
[2026-03-06T06:06:39.568Z] Notified: 6992b53a4b627a8cd36d74e3
[2026-03-06T06:06:39.569Z] Targeting Driver: 69799593517055a3fbbf5763 (Shyam)
[2026-03-06T06:06:39.570Z] Notified: 69799593517055a3fbbf5763
[2026-03-06T06:06:39.571Z] Targeting Driver: 6978ae557a30eb956d638e5a (Hemit)
[2026-03-06T06:06:39.573Z] Notified: 6978ae557a30eb956d638e5a
[2026-03-09T07:45:33.528Z] REQ: 69ae7a59fa7ac3fa3dc89c4c -> Confirmed
[2026-03-09T07:45:33.653Z] SAVED: Confirmed
[2026-03-09T07:45:43.447Z] REQ: 69ae7a59fa7ac3fa3dc89c4c -> Preparing
[2026-03-09T07:45:43.581Z] SAVED: Preparing
[2026-03-09T07:45:48.721Z] REQ: 69ae7a59fa7ac3fa3dc89c4c -> Ready
[2026-03-09T07:45:48.832Z] SAVED: Ready
[2026-03-09T07:45:49.690Z] STATUS READY: Notifying Drivers...
[2026-03-09T07:45:50.107Z] Found 2 drivers to notify.
[2026-03-09T07:45:50.108Z] Targeting Driver: 6992b53a4b627a8cd36d74e3 (Darji Shyam)
[2026-03-09T07:45:50.111Z] Notified: 6992b53a4b627a8cd36d74e3
[2026-03-09T07:45:50.111Z] Targeting Driver: 6978ae557a30eb956d638e5a (Hemit)
[2026-03-09T07:45:50.113Z] Notified: 6978ae557a30eb956d638e5a
